This file contains any messages produced by compilers while
running configure, to aid debugging if configure makes a mistake.

It was created by SIPp configure 3.3.990, which was
generated by GNU Autoconf 2.69.  Invocation command line was

  $ ./configure --with-pcap

## --------- ##
## Platform. ##
## --------- ##

hostname = Davids-iMac.local
uname -m = x86_64
uname -r = 15.0.0
uname -s = Darwin
uname -v = Darwin Kernel Version 15.0.0: Mon Oct 26 18:58:05 PDT 2015; root:xnu-3248.20.41~5/RELEASE_X86_64

/usr/bin/uname -p = i386
/bin/uname -X     = unknown

/bin/arch              = unknown
/usr/bin/arch -k       = unknown
/usr/convex/getsysinfo = unknown
/usr/bin/hostinfo      = Mach kernel version:
	 Darwin Kernel Version 15.0.0: Mon Oct 26 18:58:05 PDT 2015; root:xnu-3248.20.41~5/RELEASE_X86_64
Kernel configured for up to 4 processors.
4 processors are physically available.
4 processors are logically available.
Processor type: x86_64h (Intel x86-64h Haswell)
Processors active: 0 1 2 3
Primary memory available: 8.00 gigabytes
Default processor set: 243 tasks, 1166 threads, 4 processors
Load average: 1.64, Mach factor: 2.35
/bin/machine           = unknown
/usr/bin/oslevel       = unknown
/bin/universe          = unknown

PATH: /usr/local/bin
PATH: /usr/bin
PATH: /bin
PATH: /usr/sbin
PATH: /sbin
PATH: /Users/dbarrett/Applications/maven/apache-maven-3.3.3/bin


## ----------- ##
## Core tests. ##
## ----------- ##

configure:2374: checking build system type
configure:2388: result: x86_64-apple-darwin15.0.0
configure:2408: checking host system type
configure:2421: result: x86_64-apple-darwin15.0.0
configure:2441: checking target system type
configure:2454: result: x86_64-apple-darwin15.0.0
configure:2500: checking for a BSD-compatible install
configure:2568: result: /usr/bin/install -c
configure:2579: checking whether build environment is sane
configure:2629: result: yes
configure:2770: checking for a thread-safe mkdir -p
configure:2809: result: ./install-sh -c -d
configure:2822: checking for gawk
configure:2852: result: no
configure:2822: checking for mawk
configure:2852: result: no
configure:2822: checking for nawk
configure:2852: result: no
configure:2822: checking for awk
configure:2838: found /usr/bin/awk
configure:2849: result: awk
configure:2860: checking whether make sets $(MAKE)
configure:2882: result: yes
configure:3054: checking for gcc
configure:3070: found /usr/bin/gcc
configure:3081: result: gcc
configure:3310: checking for C compiler version
configure:3319: gcc --version >&5
Apple LLVM version 7.0.2 (clang-700.1.81)
Target: x86_64-apple-darwin15.0.0
Thread model: posix
Configured with: --prefix=/Library/Developer/CommandLineTools/usr --with-gxx-include-dir=/usr/include/c++/4.2.1
configure:3330: $? = 0
configure:3319: gcc -v >&5
Configured with: --prefix=/Library/Developer/CommandLineTools/usr --with-gxx-include-dir=/usr/include/c++/4.2.1
Apple LLVM version 7.0.2 (clang-700.1.81)
Target: x86_64-apple-darwin15.0.0
Thread model: posix
configure:3330: $? = 0
configure:3319: gcc -V >&5
clang: error: argument to '-V' is missing (expected 1 value)
clang: error: no input files
configure:3330: $? = 1
configure:3319: gcc -qversion >&5
clang: error: unknown argument: '-qversion'
clang: error: no input files
configure:3330: $? = 1
configure:3350: checking whether the C compiler works
configure:3372: gcc    conftest.c  >&5
configure:3376: $? = 0
configure:3424: result: yes
configure:3427: checking for C compiler default output file name
configure:3429: result: a.out
configure:3435: checking for suffix of executables
configure:3442: gcc -o conftest    conftest.c  >&5
configure:3446: $? = 0
configure:3468: result: 
configure:3490: checking whether we are cross compiling
configure:3498: gcc -o conftest    conftest.c  >&5
configure:3502: $? = 0
configure:3509: ./conftest
configure:3513: $? = 0
configure:3528: result: no
configure:3533: checking for suffix of object files
configure:3555: gcc -c   conftest.c >&5
configure:3559: $? = 0
configure:3580: result: o
configure:3584: checking whether we are using the GNU C compiler
configure:3603: gcc -c   conftest.c >&5
configure:3603: $? = 0
configure:3612: result: yes
configure:3621: checking whether gcc accepts -g
configure:3641: gcc -c -g  conftest.c >&5
configure:3641: $? = 0
configure:3682: result: yes
configure:3699: checking for gcc option to accept ISO C89
configure:3762: gcc  -c -g -O2  conftest.c >&5
configure:3762: $? = 0
configure:3775: result: none needed
configure:3806: checking for style of include used by make
configure:3834: result: GNU
configure:3860: checking dependency style of gcc
configure:3971: result: gcc3
configure:4044: checking for g++
configure:4060: found /usr/bin/g++
configure:4071: result: g++
configure:4098: checking for C++ compiler version
configure:4107: g++ --version >&5
Apple LLVM version 7.0.2 (clang-700.1.81)
Target: x86_64-apple-darwin15.0.0
Thread model: posix
Configured with: --prefix=/Library/Developer/CommandLineTools/usr --with-gxx-include-dir=/usr/include/c++/4.2.1
configure:4118: $? = 0
configure:4107: g++ -v >&5
Configured with: --prefix=/Library/Developer/CommandLineTools/usr --with-gxx-include-dir=/usr/include/c++/4.2.1
Apple LLVM version 7.0.2 (clang-700.1.81)
Target: x86_64-apple-darwin15.0.0
Thread model: posix
configure:4118: $? = 0
configure:4107: g++ -V >&5
clang: error: argument to '-V' is missing (expected 1 value)
clang: error: no input files
configure:4118: $? = 1
configure:4107: g++ -qversion >&5
clang: error: unknown argument: '-qversion'
clang: error: no input files
configure:4118: $? = 1
configure:4122: checking whether we are using the GNU C++ compiler
configure:4141: g++ -c   conftest.cpp >&5
configure:4141: $? = 0
configure:4150: result: yes
configure:4159: checking whether g++ accepts -g
configure:4179: g++ -c -g  conftest.cpp >&5
configure:4179: $? = 0
configure:4220: result: yes
configure:4245: checking dependency style of g++
configure:4356: result: gcc3
configure:4377: checking how to run the C preprocessor
configure:4408: gcc -E  conftest.c
configure:4408: $? = 0
configure:4422: gcc -E  conftest.c
conftest.c:11:10: fatal error: 'ac_nonexistent.h' file not found
#include <ac_nonexistent.h>
         ^
1 error generated.
configure:4422: $? = 1
configure: failed program was:
| /* confdefs.h */
| #define PACKAGE_NAME "SIPp"
| #define PACKAGE_TARNAME "sipp"
| #define PACKAGE_VERSION "3.3.990"
| #define PACKAGE_STRING "SIPp 3.3.990"
| #define PACKAGE_BUGREPORT "sipp-users@lists.sourceforge.net"
| #define PACKAGE_URL ""
| #define PACKAGE "sipp"
| #define VERSION "3.3.990"
| /* end confdefs.h.  */
| #include <ac_nonexistent.h>
configure:4447: result: gcc -E
configure:4467: gcc -E  conftest.c
configure:4467: $? = 0
configure:4481: gcc -E  conftest.c
conftest.c:11:10: fatal error: 'ac_nonexistent.h' file not found
#include <ac_nonexistent.h>
         ^
1 error generated.
configure:4481: $? = 1
configure: failed program was:
| /* confdefs.h */
| #define PACKAGE_NAME "SIPp"
| #define PACKAGE_TARNAME "sipp"
| #define PACKAGE_VERSION "3.3.990"
| #define PACKAGE_STRING "SIPp 3.3.990"
| #define PACKAGE_BUGREPORT "sipp-users@lists.sourceforge.net"
| #define PACKAGE_URL ""
| #define PACKAGE "sipp"
| #define VERSION "3.3.990"
| /* end confdefs.h.  */
| #include <ac_nonexistent.h>
configure:4510: checking for grep that handles long lines and -e
configure:4568: result: /usr/bin/grep
configure:4573: checking for egrep
configure:4635: result: /usr/bin/grep -E
configure:4640: checking for ANSI C header files
configure:4660: gcc -c -g -O2  conftest.c >&5
configure:4660: $? = 0
configure:4733: gcc -o conftest -g -O2   conftest.c  >&5
configure:4733: $? = 0
configure:4733: ./conftest
configure:4733: $? = 0
configure:4744: result: yes
configure:4787: checking for initscr in -lcurses
configure:4812: gcc -o conftest -g -O2 -D__DARWIN  -D__DARWIN  conftest.c -lcurses   >&5
configure:4812: $? = 0
configure:4821: result: yes
configure:4834: checking for pthread_mutex_init in -lpthread
configure:4859: gcc -o conftest -g -O2 -D__DARWIN  -D__DARWIN  conftest.c -lpthread  -lcurses  >&5
configure:4859: $? = 0
configure:4868: result: yes
configure:4878: checking for library containing dlopen
configure:4909: gcc -o conftest -g -O2 -D__DARWIN  -D__DARWIN  conftest.c -lcurses  >&5
configure:4909: $? = 0
configure:4926: result: none required
configure:4934: checking for library containing dlerror
configure:4965: gcc -o conftest -g -O2 -D__DARWIN  -D__DARWIN  conftest.c -lcurses  >&5
configure:4965: $? = 0
configure:4982: result: none required
configure:4990: checking for library containing dlsym
configure:5021: gcc -o conftest -g -O2 -D__DARWIN  -D__DARWIN  conftest.c -lcurses  >&5
configure:5021: $? = 0
configure:5038: result: none required
configure:5048: checking for library containing inet_addr
configure:5079: gcc -o conftest -g -O2 -D__DARWIN  -D__DARWIN  conftest.c -lcurses  >&5
configure:5079: $? = 0
configure:5096: result: none required
configure:5104: checking for library containing inet_ntoa
configure:5135: gcc -o conftest -g -O2 -D__DARWIN  -D__DARWIN  conftest.c -lcurses  >&5
configure:5135: $? = 0
configure:5152: result: none required
configure:5161: checking for library containing pthread_mutex_init
configure:5192: gcc -o conftest -g -O2 -D__DARWIN  -D__DARWIN  conftest.c -lcurses  >&5
configure:5192: $? = 0
configure:5209: result: none required
configure:5217: checking for library containing pthread_mutex_destroy
configure:5248: gcc -o conftest -g -O2 -D__DARWIN  -D__DARWIN  conftest.c -lcurses  >&5
configure:5248: $? = 0
configure:5265: result: none required
configure:5273: checking for library containing pthread_mutex_lock
configure:5304: gcc -o conftest -g -O2 -D__DARWIN  -D__DARWIN  conftest.c -lcurses  >&5
configure:5304: $? = 0
configure:5321: result: none required
configure:5329: checking for library containing pthread_mutex_unlock
configure:5360: gcc -o conftest -g -O2 -D__DARWIN  -D__DARWIN  conftest.c -lcurses  >&5
configure:5360: $? = 0
configure:5377: result: none required
configure:5385: checking for library containing pthread_self
configure:5416: gcc -o conftest -g -O2 -D__DARWIN  -D__DARWIN  conftest.c -lcurses  >&5
configure:5416: $? = 0
configure:5433: result: none required
configure:5441: checking for library containing pthread_cancel
configure:5472: gcc -o conftest -g -O2 -D__DARWIN  -D__DARWIN  conftest.c -lcurses  >&5
configure:5472: $? = 0
configure:5489: result: none required
configure:5497: checking for library containing pthread_join
configure:5528: gcc -o conftest -g -O2 -D__DARWIN  -D__DARWIN  conftest.c -lcurses  >&5
configure:5528: $? = 0
configure:5545: result: none required
configure:5553: checking for library containing pthread_attr_init
configure:5584: gcc -o conftest -g -O2 -D__DARWIN  -D__DARWIN  conftest.c -lcurses  >&5
configure:5584: $? = 0
configure:5601: result: none required
configure:5609: checking for library containing pthread_attr_setstacksize
configure:5640: gcc -o conftest -g -O2 -D__DARWIN  -D__DARWIN  conftest.c -lcurses  >&5
configure:5640: $? = 0
configure:5657: result: none required
configure:5665: checking for library containing pthread_create
configure:5696: gcc -o conftest -g -O2 -D__DARWIN  -D__DARWIN  conftest.c -lcurses  >&5
configure:5696: $? = 0
configure:5713: result: none required
configure:5721: checking for library containing pthread_attr_destroy
configure:5752: gcc -o conftest -g -O2 -D__DARWIN  -D__DARWIN  conftest.c -lcurses  >&5
configure:5752: $? = 0
configure:5769: result: none required
configure:5777: checking for library containing pthread_setschedparam
configure:5808: gcc -o conftest -g -O2 -D__DARWIN  -D__DARWIN  conftest.c -lcurses  >&5
configure:5808: $? = 0
configure:5825: result: none required
configure:5833: checking for library containing pthread_setcancelstate
configure:5864: gcc -o conftest -g -O2 -D__DARWIN  -D__DARWIN  conftest.c -lcurses  >&5
configure:5864: $? = 0
configure:5881: result: none required
configure:5889: checking for library containing pthread_setcanceltype
configure:5920: gcc -o conftest -g -O2 -D__DARWIN  -D__DARWIN  conftest.c -lcurses  >&5
configure:5920: $? = 0
configure:5937: result: none required
configure:5945: checking for library containing pthread_exit
configure:5976: gcc -o conftest -g -O2 -D__DARWIN  -D__DARWIN  conftest.c -lcurses  >&5
configure:5976: $? = 0
configure:5993: result: none required
configure:6001: checking for library containing pthread_sigmask
configure:6032: gcc -o conftest -g -O2 -D__DARWIN  -D__DARWIN  conftest.c -lcurses  >&5
configure:6032: $? = 0
configure:6049: result: none required
configure:6060: checking for library containing floor
configure:6091: gcc -o conftest -g -O2 -D__DARWIN  -D__DARWIN  conftest.c -lcurses  >&5
conftest.c:20:6: warning: incompatible redeclaration of library function 'floor' [-Wincompatible-library-redeclaration]
char floor ();
     ^
conftest.c:20:6: note: 'floor' is a builtin with type 'double (double)'
1 warning generated.
configure:6091: $? = 0
configure:6108: result: none required
configure:6116: checking for library containing pow
configure:6147: gcc -o conftest -g -O2 -D__DARWIN  -D__DARWIN  conftest.c -lcurses  >&5
conftest.c:20:6: warning: incompatible redeclaration of library function 'pow' [-Wincompatible-library-redeclaration]
char pow ();
     ^
conftest.c:20:6: note: 'pow' is a builtin with type 'double (double, double)'
1 warning generated.
configure:6147: $? = 0
configure:6164: result: none required
configure:6174: checking for library containing htons
configure:6205: gcc -o conftest -g -O2 -D__DARWIN  -D__DARWIN  conftest.c -lcurses  >&5
configure:6205: $? = 0
configure:6222: result: none required
configure:6230: checking for library containing ntohs
configure:6261: gcc -o conftest -g -O2 -D__DARWIN  -D__DARWIN  conftest.c -lcurses  >&5
configure:6261: $? = 0
configure:6278: result: none required
configure:6286: checking for library containing bind
configure:6317: gcc -o conftest -g -O2 -D__DARWIN  -D__DARWIN  conftest.c -lcurses  >&5
configure:6317: $? = 0
configure:6334: result: none required
configure:6342: checking for library containing freeaddrinfo
configure:6373: gcc -o conftest -g -O2 -D__DARWIN  -D__DARWIN  conftest.c -lcurses  >&5
configure:6373: $? = 0
configure:6390: result: none required
configure:6398: checking for library containing getaddrinfo
configure:6429: gcc -o conftest -g -O2 -D__DARWIN  -D__DARWIN  conftest.c -lcurses  >&5
configure:6429: $? = 0
configure:6446: result: none required
configure:6454: checking for library containing listen
configure:6485: gcc -o conftest -g -O2 -D__DARWIN  -D__DARWIN  conftest.c -lcurses  >&5
configure:6485: $? = 0
configure:6502: result: none required
configure:6510: checking for library containing recvfrom
configure:6541: gcc -o conftest -g -O2 -D__DARWIN  -D__DARWIN  conftest.c -lcurses  >&5
configure:6541: $? = 0
configure:6558: result: none required
configure:6566: checking for library containing shutdown
configure:6597: gcc -o conftest -g -O2 -D__DARWIN  -D__DARWIN  conftest.c -lcurses  >&5
configure:6597: $? = 0
configure:6614: result: none required
configure:7098: checking pcap.h usability
configure:7098: gcc -c -g -O2 -D__DARWIN  -D__DARWIN conftest.c >&5
configure:7098: $? = 0
configure:7098: result: yes
configure:7098: checking pcap.h presence
configure:7098: gcc -E  -D__DARWIN conftest.c
configure:7098: $? = 0
configure:7098: result: yes
configure:7098: checking for pcap.h
configure:7098: result: yes
configure:7110: checking for library containing pcap_open_offline
configure:7141: gcc -o conftest -g -O2 -D__DARWIN  -D__DARWIN  conftest.c -lcurses  >&5
Undefined symbols for architecture x86_64:
  "_pcap_open_offline", referenced from:
      _main in conftest-5d3ef3.o
ld: symbol(s) not found for architecture x86_64
clang: error: linker command failed with exit code 1 (use -v to see invocation)
configure:7141: $? = 1
configure: failed program was:
| /* confdefs.h */
| #define PACKAGE_NAME "SIPp"
| #define PACKAGE_TARNAME "sipp"
| #define PACKAGE_VERSION "3.3.990"
| #define PACKAGE_STRING "SIPp 3.3.990"
| #define PACKAGE_BUGREPORT "sipp-users@lists.sourceforge.net"
| #define PACKAGE_URL ""
| #define PACKAGE "sipp"
| #define VERSION "3.3.990"
| #define STDC_HEADERS 1
| #define HAVE_LIBCURSES 1
| #define HAVE_PCAP_H 1
| /* end confdefs.h.  */
| 
| /* Override any GCC internal prototype to avoid an error.
|    Use char because int might match the return type of a GCC
|    builtin and then its argument prototype would still apply.  */
| #ifdef __cplusplus
| extern "C"
| #endif
| char pcap_open_offline ();
| int
| main ()
| {
| return pcap_open_offline ();
|   ;
|   return 0;
| }
configure:7141: gcc -o conftest -g -O2 -D__DARWIN  -D__DARWIN  conftest.c -lpcap  -lcurses  >&5
configure:7141: $? = 0
configure:7158: result: -lpcap
configure:7168: checking for library containing pcap_next
configure:7199: gcc -o conftest -g -O2 -D__DARWIN  -D__DARWIN  conftest.c -lpcap -lcurses  >&5
configure:7199: $? = 0
configure:7216: result: none required
configure:7226: checking for library containing pcap_next_ex
configure:7257: gcc -o conftest -g -O2 -D__DARWIN  -D__DARWIN  conftest.c -lpcap -lcurses  >&5
configure:7257: $? = 0
configure:7274: result: none required
configure:7284: checking for library containing pcap_close
configure:7315: gcc -o conftest -g -O2 -D__DARWIN  -D__DARWIN  conftest.c -lpcap -lcurses  >&5
configure:7315: $? = 0
configure:7332: result: none required
configure:7558: checking linux/version.h usability
configure:7558: gcc -c -g -O2 -D__DARWIN  -D__DARWIN conftest.c >&5
conftest.c:47:10: fatal error: 'linux/version.h' file not found
#include <linux/version.h>
         ^
1 error generated.
configure:7558: $? = 1
configure: failed program was:
| /* confdefs.h */
| #define PACKAGE_NAME "SIPp"
| #define PACKAGE_TARNAME "sipp"
| #define PACKAGE_VERSION "3.3.990"
| #define PACKAGE_STRING "SIPp 3.3.990"
| #define PACKAGE_BUGREPORT "sipp-users@lists.sourceforge.net"
| #define PACKAGE_URL ""
| #define PACKAGE "sipp"
| #define VERSION "3.3.990"
| #define STDC_HEADERS 1
| #define HAVE_LIBCURSES 1
| #define HAVE_PCAP_H 1
| /* end confdefs.h.  */
| #include <stdio.h>
| #ifdef HAVE_SYS_TYPES_H
| # include <sys/types.h>
| #endif
| #ifdef HAVE_SYS_STAT_H
| # include <sys/stat.h>
| #endif
| #ifdef STDC_HEADERS
| # include <stdlib.h>
| # include <stddef.h>
| #else
| # ifdef HAVE_STDLIB_H
| #  include <stdlib.h>
| # endif
| #endif
| #ifdef HAVE_STRING_H
| # if !defined STDC_HEADERS && defined HAVE_MEMORY_H
| #  include <memory.h>
| # endif
| # include <string.h>
| #endif
| #ifdef HAVE_STRINGS_H
| # include <strings.h>
| #endif
| #ifdef HAVE_INTTYPES_H
| # include <inttypes.h>
| #endif
| #ifdef HAVE_STDINT_H
| # include <stdint.h>
| #endif
| #ifdef HAVE_UNISTD_H
| # include <unistd.h>
| #endif
| #include <linux/version.h>
configure:7558: result: no
configure:7558: checking linux/version.h presence
configure:7558: gcc -E  -D__DARWIN conftest.c
conftest.c:14:10: fatal error: 'linux/version.h' file not found
#include <linux/version.h>
         ^
1 error generated.
configure:7558: $? = 1
configure: failed program was:
| /* confdefs.h */
| #define PACKAGE_NAME "SIPp"
| #define PACKAGE_TARNAME "sipp"
| #define PACKAGE_VERSION "3.3.990"
| #define PACKAGE_STRING "SIPp 3.3.990"
| #define PACKAGE_BUGREPORT "sipp-users@lists.sourceforge.net"
| #define PACKAGE_URL ""
| #define PACKAGE "sipp"
| #define VERSION "3.3.990"
| #define STDC_HEADERS 1
| #define HAVE_LIBCURSES 1
| #define HAVE_PCAP_H 1
| /* end confdefs.h.  */
| #include <linux/version.h>
configure:7558: result: no
configure:7558: checking for linux/version.h
configure:7558: result: no
configure:7564: checking for Linux epoll(7) interface
configure:7590: gcc -o conftest -g -O2 -D__DARWIN  -D__DARWIN  conftest.c -lpcap -lcurses  >&5
conftest.c:14:16: fatal error: 'sys/epoll.h' file not found
      #include <sys/epoll.h>
               ^
1 error generated.
configure:7590: $? = 1
configure: failed program was:
| /* confdefs.h */
| #define PACKAGE_NAME "SIPp"
| #define PACKAGE_TARNAME "sipp"
| #define PACKAGE_VERSION "3.3.990"
| #define PACKAGE_STRING "SIPp 3.3.990"
| #define PACKAGE_BUGREPORT "sipp-users@lists.sourceforge.net"
| #define PACKAGE_URL ""
| #define PACKAGE "sipp"
| #define VERSION "3.3.990"
| #define STDC_HEADERS 1
| #define HAVE_LIBCURSES 1
| #define HAVE_PCAP_H 1
| /* end confdefs.h.  */
|       #include <sys/epoll.h>
| #ifdef HAVE_LINUX_VERSION_H
| #  include <linux/version.h>
| #  if LINUX_VERSION_CODE < KERNEL_VERSION(2,5,45)
| #    error linux kernel version is too old to have epoll
| #  endif
| #endif
| 
| int
| main ()
| {
| int fd, rc;
| struct epoll_event ev;
| fd = epoll_create(128);
| rc = epoll_wait(fd, &ev, 1, 0);
|   ;
|   return 0;
| }
configure:7606: result: no
configure:7665: checking for size_t
configure:7665: gcc -c -g -O2 -D__DARWIN  -D__DARWIN conftest.c >&5
configure:7665: $? = 0
configure:7665: gcc -c -g -O2 -D__DARWIN  -D__DARWIN conftest.c >&5
conftest.c:50:21: error: expected expression
if (sizeof ((size_t)))
                    ^
1 error generated.
configure:7665: $? = 1
configure: failed program was:
| /* confdefs.h */
| #define PACKAGE_NAME "SIPp"
| #define PACKAGE_TARNAME "sipp"
| #define PACKAGE_VERSION "3.3.990"
| #define PACKAGE_STRING "SIPp 3.3.990"
| #define PACKAGE_BUGREPORT "sipp-users@lists.sourceforge.net"
| #define PACKAGE_URL ""
| #define PACKAGE "sipp"
| #define VERSION "3.3.990"
| #define STDC_HEADERS 1
| #define HAVE_LIBCURSES 1
| #define HAVE_PCAP_H 1
| /* end confdefs.h.  */
| #include <stdio.h>
| #ifdef HAVE_SYS_TYPES_H
| # include <sys/types.h>
| #endif
| #ifdef HAVE_SYS_STAT_H
| # include <sys/stat.h>
| #endif
| #ifdef STDC_HEADERS
| # include <stdlib.h>
| # include <stddef.h>
| #else
| # ifdef HAVE_STDLIB_H
| #  include <stdlib.h>
| # endif
| #endif
| #ifdef HAVE_STRING_H
| # if !defined STDC_HEADERS && defined HAVE_MEMORY_H
| #  include <memory.h>
| # endif
| # include <string.h>
| #endif
| #ifdef HAVE_STRINGS_H
| # include <strings.h>
| #endif
| #ifdef HAVE_INTTYPES_H
| # include <inttypes.h>
| #endif
| #ifdef HAVE_STDINT_H
| # include <stdint.h>
| #endif
| #ifdef HAVE_UNISTD_H
| # include <unistd.h>
| #endif
| int
| main ()
| {
| if (sizeof ((size_t)))
| 	    return 0;
|   ;
|   return 0;
| }
configure:7665: result: yes
configure:7678: checking for working alloca.h
configure:7695: gcc -o conftest -g -O2 -D__DARWIN  -D__DARWIN  conftest.c -lpcap -lcurses  >&5
configure:7695: $? = 0
configure:7703: result: yes
configure:7711: checking for alloca
configure:7748: gcc -o conftest -g -O2 -D__DARWIN  -D__DARWIN  conftest.c -lpcap -lcurses  >&5
configure:7748: $? = 0
configure:7756: result: yes
configure:7865: checking arpa/inet.h usability
configure:7865: gcc -c -g -O2 -D__DARWIN  -D__DARWIN conftest.c >&5
configure:7865: $? = 0
configure:7865: result: yes
configure:7865: checking arpa/inet.h presence
configure:7865: gcc -E  -D__DARWIN conftest.c
configure:7865: $? = 0
configure:7865: result: yes
configure:7865: checking for arpa/inet.h
configure:7865: result: yes
configure:7865: checking fcntl.h usability
configure:7865: gcc -c -g -O2 -D__DARWIN  -D__DARWIN conftest.c >&5
configure:7865: $? = 0
configure:7865: result: yes
configure:7865: checking fcntl.h presence
configure:7865: gcc -E  -D__DARWIN conftest.c
configure:7865: $? = 0
configure:7865: result: yes
configure:7865: checking for fcntl.h
configure:7865: result: yes
configure:7865: checking limits.h usability
configure:7865: gcc -c -g -O2 -D__DARWIN  -D__DARWIN conftest.c >&5
configure:7865: $? = 0
configure:7865: result: yes
configure:7865: checking limits.h presence
configure:7865: gcc -E  -D__DARWIN conftest.c
configure:7865: $? = 0
configure:7865: result: yes
configure:7865: checking for limits.h
configure:7865: result: yes
configure:7865: checking netdb.h usability
configure:7865: gcc -c -g -O2 -D__DARWIN  -D__DARWIN conftest.c >&5
configure:7865: $? = 0
configure:7865: result: yes
configure:7865: checking netdb.h presence
configure:7865: gcc -E  -D__DARWIN conftest.c
configure:7865: $? = 0
configure:7865: result: yes
configure:7865: checking for netdb.h
configure:7865: result: yes
configure:7865: checking netinet/in.h usability
configure:7865: gcc -c -g -O2 -D__DARWIN  -D__DARWIN conftest.c >&5
configure:7865: $? = 0
configure:7865: result: yes
configure:7865: checking netinet/in.h presence
configure:7865: gcc -E  -D__DARWIN conftest.c
configure:7865: $? = 0
configure:7865: result: yes
configure:7865: checking for netinet/in.h
configure:7865: result: yes
configure:7865: checking stdlib.h usability
configure:7865: gcc -c -g -O2 -D__DARWIN  -D__DARWIN conftest.c >&5
configure:7865: $? = 0
configure:7865: result: yes
configure:7865: checking stdlib.h presence
configure:7865: gcc -E  -D__DARWIN conftest.c
configure:7865: $? = 0
configure:7865: result: yes
configure:7865: checking for stdlib.h
configure:7865: result: yes
configure:7865: checking string.h usability
configure:7865: gcc -c -g -O2 -D__DARWIN  -D__DARWIN conftest.c >&5
configure:7865: $? = 0
configure:7865: result: yes
configure:7865: checking string.h presence
configure:7865: gcc -E  -D__DARWIN conftest.c
configure:7865: $? = 0
configure:7865: result: yes
configure:7865: checking for string.h
configure:7865: result: yes
configure:7865: checking sys/socket.h usability
configure:7865: gcc -c -g -O2 -D__DARWIN  -D__DARWIN conftest.c >&5
configure:7865: $? = 0
configure:7865: result: yes
configure:7865: checking sys/socket.h presence
configure:7865: gcc -E  -D__DARWIN conftest.c
configure:7865: $? = 0
configure:7865: result: yes
configure:7865: checking for sys/socket.h
configure:7865: result: yes
configure:7865: checking sys/time.h usability
configure:7865: gcc -c -g -O2 -D__DARWIN  -D__DARWIN conftest.c >&5
configure:7865: $? = 0
configure:7865: result: yes
configure:7865: checking sys/time.h presence
configure:7865: gcc -E  -D__DARWIN conftest.c
configure:7865: $? = 0
configure:7865: result: yes
configure:7865: checking for sys/time.h
configure:7865: result: yes
configure:7865: checking unistd.h usability
configure:7865: gcc -c -g -O2 -D__DARWIN  -D__DARWIN conftest.c >&5
configure:7865: $? = 0
configure:7865: result: yes
configure:7865: checking unistd.h presence
configure:7865: gcc -E  -D__DARWIN conftest.c
configure:7865: $? = 0
configure:7865: result: yes
configure:7865: checking for unistd.h
configure:7865: result: yes
configure:7878: checking for stdbool.h that conforms to C99
configure:7945: gcc -c -g -O2 -D__DARWIN  -D__DARWIN conftest.c >&5
conftest.c:75:24: warning: address of 's' will always evaluate to 'true' [-Wpointer-bool-conversion]
             bool e = &s;
                  ~    ^
conftest.c:79:23: warning: address of array 'a' will always evaluate to 'true' [-Wpointer-bool-conversion]
             return (!a + !b + !c + !d + !e + !f + !g + !h + !i + !!j + !k + !!l
                     ~^
conftest.c:79:28: warning: address of array 'b' will always evaluate to 'true' [-Wpointer-bool-conversion]
             return (!a + !b + !c + !d + !e + !f + !g + !h + !i + !!j + !k + !!l
                          ~^
conftest.c:79:33: warning: address of array 'c' will always evaluate to 'true' [-Wpointer-bool-conversion]
             return (!a + !b + !c + !d + !e + !f + !g + !h + !i + !!j + !k + !!l
                               ~^
conftest.c:79:38: warning: address of array 'd' will always evaluate to 'true' [-Wpointer-bool-conversion]
             return (!a + !b + !c + !d + !e + !f + !g + !h + !i + !!j + !k + !!l
                                    ~^
conftest.c:79:48: warning: address of array 'f' will always evaluate to 'true' [-Wpointer-bool-conversion]
             return (!a + !b + !c + !d + !e + !f + !g + !h + !i + !!j + !k + !!l
                                              ~^
conftest.c:79:53: warning: address of array 'g' will always evaluate to 'true' [-Wpointer-bool-conversion]
             return (!a + !b + !c + !d + !e + !f + !g + !h + !i + !!j + !k + !!l
                                                   ~^
conftest.c:79:58: warning: address of array 'h' will always evaluate to 'true' [-Wpointer-bool-conversion]
             return (!a + !b + !c + !d + !e + !f + !g + !h + !i + !!j + !k + !!l
                                                        ~^
conftest.c:79:63: warning: address of array 'i' will always evaluate to 'true' [-Wpointer-bool-conversion]
             return (!a + !b + !c + !d + !e + !f + !g + !h + !i + !!j + !k + !!l
                                                             ~^
conftest.c:80:30: warning: address of array 'n' will always evaluate to 'true' [-Wpointer-bool-conversion]
                            ~^
conftest.c:80:35: warning: address of array 'o' will always evaluate to 'true' [-Wpointer-bool-conversion]
                                 ~^
conftest.c:80:40: warning: address of array 'p' will always evaluate to 'true' [-Wpointer-bool-conversion]
                                      ~^
12 warnings generated.
configure:7945: $? = 0
configure:7952: result: yes
configure:7954: checking for _Bool
configure:7954: gcc -c -g -O2 -D__DARWIN  -D__DARWIN conftest.c >&5
configure:7954: $? = 0
configure:7954: gcc -c -g -O2 -D__DARWIN  -D__DARWIN conftest.c >&5
conftest.c:62:20: error: expected expression
if (sizeof ((_Bool)))
                   ^
1 error generated.
configure:7954: $? = 1
configure: failed program was:
| /* confdefs.h */
| #define PACKAGE_NAME "SIPp"
| #define PACKAGE_TARNAME "sipp"
| #define PACKAGE_VERSION "3.3.990"
| #define PACKAGE_STRING "SIPp 3.3.990"
| #define PACKAGE_BUGREPORT "sipp-users@lists.sourceforge.net"
| #define PACKAGE_URL ""
| #define PACKAGE "sipp"
| #define VERSION "3.3.990"
| #define STDC_HEADERS 1
| #define HAVE_LIBCURSES 1
| #define HAVE_PCAP_H 1
| #define HAVE_ALLOCA_H 1
| #define HAVE_ALLOCA 1
| #define HAVE_ARPA_INET_H 1
| #define HAVE_FCNTL_H 1
| #define HAVE_LIMITS_H 1
| #define HAVE_NETDB_H 1
| #define HAVE_NETINET_IN_H 1
| #define HAVE_STDLIB_H 1
| #define HAVE_STRING_H 1
| #define HAVE_SYS_SOCKET_H 1
| #define HAVE_SYS_TIME_H 1
| #define HAVE_UNISTD_H 1
| /* end confdefs.h.  */
| #include <stdio.h>
| #ifdef HAVE_SYS_TYPES_H
| # include <sys/types.h>
| #endif
| #ifdef HAVE_SYS_STAT_H
| # include <sys/stat.h>
| #endif
| #ifdef STDC_HEADERS
| # include <stdlib.h>
| # include <stddef.h>
| #else
| # ifdef HAVE_STDLIB_H
| #  include <stdlib.h>
| # endif
| #endif
| #ifdef HAVE_STRING_H
| # if !defined STDC_HEADERS && defined HAVE_MEMORY_H
| #  include <memory.h>
| # endif
| # include <string.h>
| #endif
| #ifdef HAVE_STRINGS_H
| # include <strings.h>
| #endif
| #ifdef HAVE_INTTYPES_H
| # include <inttypes.h>
| #endif
| #ifdef HAVE_STDINT_H
| # include <stdint.h>
| #endif
| #ifdef HAVE_UNISTD_H
| # include <unistd.h>
| #endif
| int
| main ()
| {
| if (sizeof ((_Bool)))
| 	    return 0;
|   ;
|   return 0;
| }
configure:7954: result: yes
configure:7971: checking for inline
configure:7987: gcc -c -g -O2 -D__DARWIN  -D__DARWIN conftest.c >&5
configure:7987: $? = 0
configure:7995: result: inline
configure:8013: checking for pid_t
configure:8013: gcc -c -g -O2 -D__DARWIN  -D__DARWIN conftest.c >&5
configure:8013: $? = 0
configure:8013: gcc -c -g -O2 -D__DARWIN  -D__DARWIN conftest.c >&5
conftest.c:64:20: error: expected expression
if (sizeof ((pid_t)))
                   ^
1 error generated.
configure:8013: $? = 1
configure: failed program was:
| /* confdefs.h */
| #define PACKAGE_NAME "SIPp"
| #define PACKAGE_TARNAME "sipp"
| #define PACKAGE_VERSION "3.3.990"
| #define PACKAGE_STRING "SIPp 3.3.990"
| #define PACKAGE_BUGREPORT "sipp-users@lists.sourceforge.net"
| #define PACKAGE_URL ""
| #define PACKAGE "sipp"
| #define VERSION "3.3.990"
| #define STDC_HEADERS 1
| #define HAVE_LIBCURSES 1
| #define HAVE_PCAP_H 1
| #define HAVE_ALLOCA_H 1
| #define HAVE_ALLOCA 1
| #define HAVE_ARPA_INET_H 1
| #define HAVE_FCNTL_H 1
| #define HAVE_LIMITS_H 1
| #define HAVE_NETDB_H 1
| #define HAVE_NETINET_IN_H 1
| #define HAVE_STDLIB_H 1
| #define HAVE_STRING_H 1
| #define HAVE_SYS_SOCKET_H 1
| #define HAVE_SYS_TIME_H 1
| #define HAVE_UNISTD_H 1
| #define HAVE__BOOL 1
| #define HAVE_STDBOOL_H 1
| /* end confdefs.h.  */
| #include <stdio.h>
| #ifdef HAVE_SYS_TYPES_H
| # include <sys/types.h>
| #endif
| #ifdef HAVE_SYS_STAT_H
| # include <sys/stat.h>
| #endif
| #ifdef STDC_HEADERS
| # include <stdlib.h>
| # include <stddef.h>
| #else
| # ifdef HAVE_STDLIB_H
| #  include <stdlib.h>
| # endif
| #endif
| #ifdef HAVE_STRING_H
| # if !defined STDC_HEADERS && defined HAVE_MEMORY_H
| #  include <memory.h>
| # endif
| # include <string.h>
| #endif
| #ifdef HAVE_STRINGS_H
| # include <strings.h>
| #endif
| #ifdef HAVE_INTTYPES_H
| # include <inttypes.h>
| #endif
| #ifdef HAVE_STDINT_H
| # include <stdint.h>
| #endif
| #ifdef HAVE_UNISTD_H
| # include <unistd.h>
| #endif
| int
| main ()
| {
| if (sizeof ((pid_t)))
| 	    return 0;
|   ;
|   return 0;
| }
configure:8013: result: yes
configure:8024: checking for size_t
configure:8024: result: yes
configure:8035: checking for ssize_t
configure:8035: gcc -c -g -O2 -D__DARWIN  -D__DARWIN conftest.c >&5
configure:8035: $? = 0
configure:8035: gcc -c -g -O2 -D__DARWIN  -D__DARWIN conftest.c >&5
conftest.c:64:22: error: expected expression
if (sizeof ((ssize_t)))
                     ^
1 error generated.
configure:8035: $? = 1
configure: failed program was:
| /* confdefs.h */
| #define PACKAGE_NAME "SIPp"
| #define PACKAGE_TARNAME "sipp"
| #define PACKAGE_VERSION "3.3.990"
| #define PACKAGE_STRING "SIPp 3.3.990"
| #define PACKAGE_BUGREPORT "sipp-users@lists.sourceforge.net"
| #define PACKAGE_URL ""
| #define PACKAGE "sipp"
| #define VERSION "3.3.990"
| #define STDC_HEADERS 1
| #define HAVE_LIBCURSES 1
| #define HAVE_PCAP_H 1
| #define HAVE_ALLOCA_H 1
| #define HAVE_ALLOCA 1
| #define HAVE_ARPA_INET_H 1
| #define HAVE_FCNTL_H 1
| #define HAVE_LIMITS_H 1
| #define HAVE_NETDB_H 1
| #define HAVE_NETINET_IN_H 1
| #define HAVE_STDLIB_H 1
| #define HAVE_STRING_H 1
| #define HAVE_SYS_SOCKET_H 1
| #define HAVE_SYS_TIME_H 1
| #define HAVE_UNISTD_H 1
| #define HAVE__BOOL 1
| #define HAVE_STDBOOL_H 1
| /* end confdefs.h.  */
| #include <stdio.h>
| #ifdef HAVE_SYS_TYPES_H
| # include <sys/types.h>
| #endif
| #ifdef HAVE_SYS_STAT_H
| # include <sys/stat.h>
| #endif
| #ifdef STDC_HEADERS
| # include <stdlib.h>
| # include <stddef.h>
| #else
| # ifdef HAVE_STDLIB_H
| #  include <stdlib.h>
| # endif
| #endif
| #ifdef HAVE_STRING_H
| # if !defined STDC_HEADERS && defined HAVE_MEMORY_H
| #  include <memory.h>
| # endif
| # include <string.h>
| #endif
| #ifdef HAVE_STRINGS_H
| # include <strings.h>
| #endif
| #ifdef HAVE_INTTYPES_H
| # include <inttypes.h>
| #endif
| #ifdef HAVE_STDINT_H
| # include <stdint.h>
| #endif
| #ifdef HAVE_UNISTD_H
| # include <unistd.h>
| #endif
| int
| main ()
| {
| if (sizeof ((ssize_t)))
| 	    return 0;
|   ;
|   return 0;
| }
configure:8035: result: yes
configure:8046: checking for uint16_t
configure:8046: gcc -c -g -O2 -D__DARWIN  -D__DARWIN conftest.c >&5
configure:8046: $? = 0
configure:8046: result: yes
configure:8058: checking for uint32_t
configure:8058: gcc -c -g -O2 -D__DARWIN  -D__DARWIN conftest.c >&5
configure:8058: $? = 0
configure:8058: result: yes
configure:8072: checking for uint8_t
configure:8072: gcc -c -g -O2 -D__DARWIN  -D__DARWIN conftest.c >&5
configure:8072: $? = 0
configure:8072: result: yes
configure:8091: checking vfork.h usability
configure:8091: gcc -c -g -O2 -D__DARWIN  -D__DARWIN conftest.c >&5
conftest.c:61:10: fatal error: 'vfork.h' file not found
#include <vfork.h>
         ^
1 error generated.
configure:8091: $? = 1
configure: failed program was:
| /* confdefs.h */
| #define PACKAGE_NAME "SIPp"
| #define PACKAGE_TARNAME "sipp"
| #define PACKAGE_VERSION "3.3.990"
| #define PACKAGE_STRING "SIPp 3.3.990"
| #define PACKAGE_BUGREPORT "sipp-users@lists.sourceforge.net"
| #define PACKAGE_URL ""
| #define PACKAGE "sipp"
| #define VERSION "3.3.990"
| #define STDC_HEADERS 1
| #define HAVE_LIBCURSES 1
| #define HAVE_PCAP_H 1
| #define HAVE_ALLOCA_H 1
| #define HAVE_ALLOCA 1
| #define HAVE_ARPA_INET_H 1
| #define HAVE_FCNTL_H 1
| #define HAVE_LIMITS_H 1
| #define HAVE_NETDB_H 1
| #define HAVE_NETINET_IN_H 1
| #define HAVE_STDLIB_H 1
| #define HAVE_STRING_H 1
| #define HAVE_SYS_SOCKET_H 1
| #define HAVE_SYS_TIME_H 1
| #define HAVE_UNISTD_H 1
| #define HAVE__BOOL 1
| #define HAVE_STDBOOL_H 1
| /* end confdefs.h.  */
| #include <stdio.h>
| #ifdef HAVE_SYS_TYPES_H
| # include <sys/types.h>
| #endif
| #ifdef HAVE_SYS_STAT_H
| # include <sys/stat.h>
| #endif
| #ifdef STDC_HEADERS
| # include <stdlib.h>
| # include <stddef.h>
| #else
| # ifdef HAVE_STDLIB_H
| #  include <stdlib.h>
| # endif
| #endif
| #ifdef HAVE_STRING_H
| # if !defined STDC_HEADERS && defined HAVE_MEMORY_H
| #  include <memory.h>
| # endif
| # include <string.h>
| #endif
| #ifdef HAVE_STRINGS_H
| # include <strings.h>
| #endif
| #ifdef HAVE_INTTYPES_H
| # include <inttypes.h>
| #endif
| #ifdef HAVE_STDINT_H
| # include <stdint.h>
| #endif
| #ifdef HAVE_UNISTD_H
| # include <unistd.h>
| #endif
| #include <vfork.h>
configure:8091: result: no
configure:8091: checking vfork.h presence
configure:8091: gcc -E  -D__DARWIN conftest.c
conftest.c:28:10: fatal error: 'vfork.h' file not found
#include <vfork.h>
         ^
1 error generated.
configure:8091: $? = 1
configure: failed program was:
| /* confdefs.h */
| #define PACKAGE_NAME "SIPp"
| #define PACKAGE_TARNAME "sipp"
| #define PACKAGE_VERSION "3.3.990"
| #define PACKAGE_STRING "SIPp 3.3.990"
| #define PACKAGE_BUGREPORT "sipp-users@lists.sourceforge.net"
| #define PACKAGE_URL ""
| #define PACKAGE "sipp"
| #define VERSION "3.3.990"
| #define STDC_HEADERS 1
| #define HAVE_LIBCURSES 1
| #define HAVE_PCAP_H 1
| #define HAVE_ALLOCA_H 1
| #define HAVE_ALLOCA 1
| #define HAVE_ARPA_INET_H 1
| #define HAVE_FCNTL_H 1
| #define HAVE_LIMITS_H 1
| #define HAVE_NETDB_H 1
| #define HAVE_NETINET_IN_H 1
| #define HAVE_STDLIB_H 1
| #define HAVE_STRING_H 1
| #define HAVE_SYS_SOCKET_H 1
| #define HAVE_SYS_TIME_H 1
| #define HAVE_UNISTD_H 1
| #define HAVE__BOOL 1
| #define HAVE_STDBOOL_H 1
| /* end confdefs.h.  */
| #include <vfork.h>
configure:8091: result: no
configure:8091: checking for vfork.h
configure:8091: result: no
configure:8104: checking for fork
configure:8104: gcc -o conftest -g -O2 -D__DARWIN  -D__DARWIN  conftest.c -lpcap -lcurses  >&5
configure:8104: $? = 0
configure:8104: result: yes
configure:8104: checking for vfork
configure:8104: gcc -o conftest -g -O2 -D__DARWIN  -D__DARWIN  conftest.c -lpcap -lcurses  >&5
conftest.c:52:6: warning: incompatible redeclaration of library function 'vfork' [-Wincompatible-library-redeclaration]
char vfork ();
     ^
conftest.c:52:6: note: 'vfork' is a builtin with type 'int (void)'
1 warning generated.
configure:8104: $? = 0
configure:8104: result: yes
configure:8114: checking for working fork
configure:8136: gcc -o conftest -g -O2 -D__DARWIN  -D__DARWIN  conftest.c -lpcap -lcurses  >&5
configure:8136: $? = 0
configure:8136: ./conftest
configure:8136: $? = 0
configure:8146: result: yes
configure:8167: checking for working vfork
configure:8277: result: yes
configure:8308: checking for alarm
configure:8308: gcc -o conftest -g -O2 -D__DARWIN  -D__DARWIN  conftest.c -lpcap -lcurses  >&5
configure:8308: $? = 0
configure:8308: result: yes
configure:8308: checking for dup2
configure:8308: gcc -o conftest -g -O2 -D__DARWIN  -D__DARWIN  conftest.c -lpcap -lcurses  >&5
configure:8308: $? = 0
configure:8308: result: yes
configure:8308: checking for floor
configure:8308: gcc -o conftest -g -O2 -D__DARWIN  -D__DARWIN  conftest.c -lpcap -lcurses  >&5
conftest.c:57:6: warning: incompatible redeclaration of library function 'floor' [-Wincompatible-library-redeclaration]
char floor ();
     ^
conftest.c:57:6: note: 'floor' is a builtin with type 'double (double)'
1 warning generated.
configure:8308: $? = 0
configure:8308: result: yes
configure:8308: checking for gethostname
configure:8308: gcc -o conftest -g -O2 -D__DARWIN  -D__DARWIN  conftest.c -lpcap -lcurses  >&5
configure:8308: $? = 0
configure:8308: result: yes
configure:8308: checking for gettimeofday
configure:8308: gcc -o conftest -g -O2 -D__DARWIN  -D__DARWIN  conftest.c -lpcap -lcurses  >&5
configure:8308: $? = 0
configure:8308: result: yes
configure:8308: checking for inet_ntoa
configure:8308: gcc -o conftest -g -O2 -D__DARWIN  -D__DARWIN  conftest.c -lpcap -lcurses  >&5
configure:8308: $? = 0
configure:8308: result: yes
configure:8308: checking for memmove
configure:8308: gcc -o conftest -g -O2 -D__DARWIN  -D__DARWIN  conftest.c -lpcap -lcurses  >&5
conftest.c:61:6: warning: incompatible redeclaration of library function 'memmove' [-Wincompatible-library-redeclaration]
char memmove ();
     ^
conftest.c:61:6: note: 'memmove' is a builtin with type 'void *(void *, const void *, unsigned long)'
1 warning generated.
configure:8308: $? = 0
configure:8308: result: yes
configure:8308: checking for memset
configure:8308: gcc -o conftest -g -O2 -D__DARWIN  -D__DARWIN  conftest.c -lpcap -lcurses  >&5
conftest.c:62:6: warning: incompatible redeclaration of library function 'memset' [-Wincompatible-library-redeclaration]
char memset ();
     ^
conftest.c:62:6: note: 'memset' is a builtin with type 'void *(void *, int, unsigned long)'
1 warning generated.
configure:8308: $? = 0
configure:8308: result: yes
configure:8308: checking for pow
configure:8308: gcc -o conftest -g -O2 -D__DARWIN  -D__DARWIN  conftest.c -lpcap -lcurses  >&5
conftest.c:63:6: warning: incompatible redeclaration of library function 'pow' [-Wincompatible-library-redeclaration]
char pow ();
     ^
conftest.c:63:6: note: 'pow' is a builtin with type 'double (double, double)'
1 warning generated.
configure:8308: $? = 0
configure:8308: result: yes
configure:8308: checking for regcomp
configure:8308: gcc -o conftest -g -O2 -D__DARWIN  -D__DARWIN  conftest.c -lpcap -lcurses  >&5
configure:8308: $? = 0
configure:8308: result: yes
configure:8308: checking for socket
configure:8308: gcc -o conftest -g -O2 -D__DARWIN  -D__DARWIN  conftest.c -lpcap -lcurses  >&5
configure:8308: $? = 0
configure:8308: result: yes
configure:8308: checking for sqrt
configure:8308: gcc -o conftest -g -O2 -D__DARWIN  -D__DARWIN  conftest.c -lpcap -lcurses  >&5
conftest.c:66:6: warning: incompatible redeclaration of library function 'sqrt' [-Wincompatible-library-redeclaration]
char sqrt ();
     ^
conftest.c:66:6: note: 'sqrt' is a builtin with type 'double (double)'
1 warning generated.
configure:8308: $? = 0
configure:8308: result: yes
configure:8308: checking for strcasecmp
configure:8308: gcc -o conftest -g -O2 -D__DARWIN  -D__DARWIN  conftest.c -lpcap -lcurses  >&5
conftest.c:67:6: warning: incompatible redeclaration of library function 'strcasecmp' [-Wincompatible-library-redeclaration]
char strcasecmp ();
     ^
conftest.c:67:6: note: 'strcasecmp' is a builtin with type 'int (const char *, const char *)'
1 warning generated.
configure:8308: $? = 0
configure:8308: result: yes
configure:8308: checking for strchr
configure:8308: gcc -o conftest -g -O2 -D__DARWIN  -D__DARWIN  conftest.c -lpcap -lcurses  >&5
conftest.c:68:6: warning: incompatible redeclaration of library function 'strchr' [-Wincompatible-library-redeclaration]
char strchr ();
     ^
conftest.c:68:6: note: 'strchr' is a builtin with type 'char *(const char *, int)'
1 warning generated.
configure:8308: $? = 0
configure:8308: result: yes
configure:8308: checking for strcspn
configure:8308: gcc -o conftest -g -O2 -D__DARWIN  -D__DARWIN  conftest.c -lpcap -lcurses  >&5
conftest.c:69:6: warning: incompatible redeclaration of library function 'strcspn' [-Wincompatible-library-redeclaration]
char strcspn ();
     ^
conftest.c:69:6: note: 'strcspn' is a builtin with type 'unsigned long (const char *, const char *)'
1 warning generated.
configure:8308: $? = 0
configure:8308: result: yes
configure:8308: checking for strdup
configure:8308: gcc -o conftest -g -O2 -D__DARWIN  -D__DARWIN  conftest.c -lpcap -lcurses  >&5
conftest.c:70:6: warning: incompatible redeclaration of library function 'strdup' [-Wincompatible-library-redeclaration]
char strdup ();
     ^
conftest.c:70:6: note: 'strdup' is a builtin with type 'char *(const char *)'
1 warning generated.
configure:8308: $? = 0
configure:8308: result: yes
configure:8308: checking for strerror
configure:8308: gcc -o conftest -g -O2 -D__DARWIN  -D__DARWIN  conftest.c -lpcap -lcurses  >&5
conftest.c:71:6: warning: incompatible redeclaration of library function 'strerror' [-Wincompatible-library-redeclaration]
char strerror ();
     ^
conftest.c:71:6: note: 'strerror' is a builtin with type 'char *(int)'
1 warning generated.
configure:8308: $? = 0
configure:8308: result: yes
configure:8308: checking for strncasecmp
configure:8308: gcc -o conftest -g -O2 -D__DARWIN  -D__DARWIN  conftest.c -lpcap -lcurses  >&5
conftest.c:72:6: warning: incompatible redeclaration of library function 'strncasecmp' [-Wincompatible-library-redeclaration]
char strncasecmp ();
     ^
conftest.c:72:6: note: 'strncasecmp' is a builtin with type 'int (const char *, const char *, unsigned long)'
1 warning generated.
configure:8308: $? = 0
configure:8308: result: yes
configure:8308: checking for strrchr
configure:8308: gcc -o conftest -g -O2 -D__DARWIN  -D__DARWIN  conftest.c -lpcap -lcurses  >&5
conftest.c:73:6: warning: incompatible redeclaration of library function 'strrchr' [-Wincompatible-library-redeclaration]
char strrchr ();
     ^
conftest.c:73:6: note: 'strrchr' is a builtin with type 'char *(const char *, int)'
1 warning generated.
configure:8308: $? = 0
configure:8308: result: yes
configure:8308: checking for strstr
configure:8308: gcc -o conftest -g -O2 -D__DARWIN  -D__DARWIN  conftest.c -lpcap -lcurses  >&5
conftest.c:74:6: warning: incompatible redeclaration of library function 'strstr' [-Wincompatible-library-redeclaration]
char strstr ();
     ^
conftest.c:74:6: note: 'strstr' is a builtin with type 'char *(const char *, const char *)'
1 warning generated.
configure:8308: $? = 0
configure:8308: result: yes
configure:8308: checking for strtol
configure:8308: gcc -o conftest -g -O2 -D__DARWIN  -D__DARWIN  conftest.c -lpcap -lcurses  >&5
configure:8308: $? = 0
configure:8308: result: yes
configure:8308: checking for strtoul
configure:8308: gcc -o conftest -g -O2 -D__DARWIN  -D__DARWIN  conftest.c -lpcap -lcurses  >&5
configure:8308: $? = 0
configure:8308: result: yes
configure:8308: checking for strtoull
configure:8308: gcc -o conftest -g -O2 -D__DARWIN  -D__DARWIN  conftest.c -lpcap -lcurses  >&5
configure:8308: $? = 0
configure:8308: result: yes
configure:8480: creating ./config.status

## ---------------------- ##
## Running config.status. ##
## ---------------------- ##

This file was extended by SIPp config.status 3.3.990, which was
generated by GNU Autoconf 2.69.  Invocation command line was

  CONFIG_FILES    = 
  CONFIG_HEADERS  = 
  CONFIG_LINKS    = 
  CONFIG_COMMANDS = 
  $ ./config.status 

on Davids-iMac.local

config.status:916: creating Makefile
config.status:916: creating include/config.h
config.status:1097: include/config.h is unchanged
config.status:1145: executing depfiles commands

## ---------------- ##
## Cache variables. ##
## ---------------- ##

ac_cv_build=x86_64-apple-darwin15.0.0
ac_cv_c_compiler_gnu=yes
ac_cv_c_inline=inline
ac_cv_c_uint16_t=yes
ac_cv_c_uint32_t=yes
ac_cv_c_uint8_t=yes
ac_cv_cxx_compiler_gnu=yes
ac_cv_env_CCC_set=
ac_cv_env_CCC_value=
ac_cv_env_CC_set=
ac_cv_env_CC_value=
ac_cv_env_CFLAGS_set=
ac_cv_env_CFLAGS_value=
ac_cv_env_CPPFLAGS_set=
ac_cv_env_CPPFLAGS_value=
ac_cv_env_CPP_set=
ac_cv_env_CPP_value=
ac_cv_env_CXXFLAGS_set=
ac_cv_env_CXXFLAGS_value=
ac_cv_env_CXX_set=
ac_cv_env_CXX_value=
ac_cv_env_LDFLAGS_set=
ac_cv_env_LDFLAGS_value=
ac_cv_env_LIBS_set=
ac_cv_env_LIBS_value=
ac_cv_env_build_alias_set=
ac_cv_env_build_alias_value=
ac_cv_env_host_alias_set=
ac_cv_env_host_alias_value=
ac_cv_env_target_alias_set=
ac_cv_env_target_alias_value=
ac_cv_func_alarm=yes
ac_cv_func_alloca_works=yes
ac_cv_func_dup2=yes
ac_cv_func_floor=yes
ac_cv_func_fork=yes
ac_cv_func_fork_works=yes
ac_cv_func_gethostname=yes
ac_cv_func_gettimeofday=yes
ac_cv_func_inet_ntoa=yes
ac_cv_func_memmove=yes
ac_cv_func_memset=yes
ac_cv_func_pow=yes
ac_cv_func_regcomp=yes
ac_cv_func_socket=yes
ac_cv_func_sqrt=yes
ac_cv_func_strcasecmp=yes
ac_cv_func_strchr=yes
ac_cv_func_strcspn=yes
ac_cv_func_strdup=yes
ac_cv_func_strerror=yes
ac_cv_func_strncasecmp=yes
ac_cv_func_strrchr=yes
ac_cv_func_strstr=yes
ac_cv_func_strtol=yes
ac_cv_func_strtoul=yes
ac_cv_func_strtoull=yes
ac_cv_func_vfork=yes
ac_cv_func_vfork_works=yes
ac_cv_header_arpa_inet_h=yes
ac_cv_header_fcntl_h=yes
ac_cv_header_limits_h=yes
ac_cv_header_linux_version_h=no
ac_cv_header_netdb_h=yes
ac_cv_header_netinet_in_h=yes
ac_cv_header_pcap_h=yes
ac_cv_header_stdbool_h=yes
ac_cv_header_stdc=yes
ac_cv_header_stdlib_h=yes
ac_cv_header_string_h=yes
ac_cv_header_sys_socket_h=yes
ac_cv_header_sys_time_h=yes
ac_cv_header_unistd_h=yes
ac_cv_header_vfork_h=no
ac_cv_host=x86_64-apple-darwin15.0.0
ac_cv_lib_curses_initscr=yes
ac_cv_lib_pthread_pthread_mutex_init=yes
ac_cv_objext=o
ac_cv_path_EGREP='/usr/bin/grep -E'
ac_cv_path_GREP=/usr/bin/grep
ac_cv_path_install='/usr/bin/install -c'
ac_cv_prog_AWK=awk
ac_cv_prog_CPP='gcc -E'
ac_cv_prog_ac_ct_CC=gcc
ac_cv_prog_ac_ct_CXX=g++
ac_cv_prog_cc_c89=
ac_cv_prog_cc_g=yes
ac_cv_prog_cxx_g=yes
ac_cv_prog_make_make_set=yes
ac_cv_search_bind='none required'
ac_cv_search_dlerror='none required'
ac_cv_search_dlopen='none required'
ac_cv_search_dlsym='none required'
ac_cv_search_floor='none required'
ac_cv_search_freeaddrinfo='none required'
ac_cv_search_getaddrinfo='none required'
ac_cv_search_htons='none required'
ac_cv_search_inet_addr='none required'
ac_cv_search_inet_ntoa='none required'
ac_cv_search_listen='none required'
ac_cv_search_ntohs='none required'
ac_cv_search_pcap_close='none required'
ac_cv_search_pcap_next='none required'
ac_cv_search_pcap_next_ex='none required'
ac_cv_search_pcap_open_offline=-lpcap
ac_cv_search_pow='none required'
ac_cv_search_pthread_attr_destroy='none required'
ac_cv_search_pthread_attr_init='none required'
ac_cv_search_pthread_attr_setstacksize='none required'
ac_cv_search_pthread_cancel='none required'
ac_cv_search_pthread_create='none required'
ac_cv_search_pthread_exit='none required'
ac_cv_search_pthread_join='none required'
ac_cv_search_pthread_mutex_destroy='none required'
ac_cv_search_pthread_mutex_init='none required'
ac_cv_search_pthread_mutex_lock='none required'
ac_cv_search_pthread_mutex_unlock='none required'
ac_cv_search_pthread_self='none required'
ac_cv_search_pthread_setcancelstate='none required'
ac_cv_search_pthread_setcanceltype='none required'
ac_cv_search_pthread_setschedparam='none required'
ac_cv_search_pthread_sigmask='none required'
ac_cv_search_recvfrom='none required'
ac_cv_search_shutdown='none required'
ac_cv_target=x86_64-apple-darwin15.0.0
ac_cv_type__Bool=yes
ac_cv_type_pid_t=yes
ac_cv_type_size_t=yes
ac_cv_type_ssize_t=yes
ac_cv_working_alloca_h=yes
am_cv_CC_dependencies_compiler_type=gcc3
am_cv_CXX_dependencies_compiler_type=gcc3
ax_cv_have_epoll=no

## ----------------- ##
## Output variables. ##
## ----------------- ##

ACLOCAL='${SHELL} /Users/dbarrett/call-automation/sipp-3.3.990/missing --run aclocal-1.11'
ALLOCA=''
AMDEPBACKSLASH='\'
AMDEP_FALSE='#'
AMDEP_TRUE=''
AMTAR='$${TAR-tar}'
AUTOCONF='${SHELL} /Users/dbarrett/call-automation/sipp-3.3.990/missing --run autoconf'
AUTOHEADER='${SHELL} /Users/dbarrett/call-automation/sipp-3.3.990/missing --run autoheader'
AUTOMAKE='${SHELL} /Users/dbarrett/call-automation/sipp-3.3.990/missing --run automake-1.11'
AWK='awk'
CC='gcc'
CCDEPMODE='depmode=gcc3'
CFLAGS='-g -O2 -D__DARWIN'
CPP='gcc -E'
CPPFLAGS=' -D__DARWIN'
CXX='g++'
CXXDEPMODE='depmode=gcc3'
CXXFLAGS='-g -O2'
CYGPATH_W='echo'
DEFS='-DHAVE_CONFIG_H'
DEPDIR='.deps'
ECHO_C='\c'
ECHO_N=''
ECHO_T=''
EGREP='/usr/bin/grep -E'
EXEEXT=''
GREP='/usr/bin/grep'
GSL_CFLAGS=''
GSL_CXXFLAGS=''
GSL_LIBS=''
HAVE_EPOLL_FALSE=''
HAVE_EPOLL_TRUE='#'
HAVE_GSL_FALSE=''
HAVE_GSL_TRUE='#'
HAVE_OPENSSL_FALSE=''
HAVE_OPENSSL_TRUE='#'
HAVE_PCAP_FALSE='#'
HAVE_PCAP_TRUE=''
HAVE_RTP_FALSE=''
HAVE_RTP_TRUE='#'
HAVE_SCTP_FALSE=''
HAVE_SCTP_TRUE='#'
INSTALL_DATA='${INSTALL} -m 644'
INSTALL_PROGRAM='${INSTALL}'
INSTALL_SCRIPT='${INSTALL}'
INSTALL_STRIP_PROGRAM='$(install_sh) -c -s'
LDFLAGS=''
LIBOBJS=''
LIBS='-lpcap -lcurses '
LTLIBOBJS=''
MAKEINFO='${SHELL} /Users/dbarrett/call-automation/sipp-3.3.990/missing --run makeinfo'
MKDIR_P='./install-sh -c -d'
OBJEXT='o'
PACKAGE='sipp'
PACKAGE_BUGREPORT='sipp-users@lists.sourceforge.net'
PACKAGE_NAME='SIPp'
PACKAGE_STRING='SIPp 3.3.990'
PACKAGE_TARNAME='sipp'
PACKAGE_URL=''
PACKAGE_VERSION='3.3.990'
PATH_SEPARATOR=':'
SET_MAKE=''
SHELL='/bin/sh'
STRIP=''
VERSION='3.3.990'
ac_ct_CC='gcc'
ac_ct_CXX='g++'
am__EXEEXT_FALSE=''
am__EXEEXT_TRUE='#'
am__fastdepCC_FALSE='#'
am__fastdepCC_TRUE=''
am__fastdepCXX_FALSE='#'
am__fastdepCXX_TRUE=''
am__include='include'
am__isrc=''
am__leading_dot='.'
am__nodep='_no'
am__quote=''
am__tar='$${TAR-tar} chof - "$$tardir"'
am__untar='$${TAR-tar} xf -'
bindir='${exec_prefix}/bin'
build='x86_64-apple-darwin15.0.0'
build_alias=''
build_cpu='x86_64'
build_os='darwin15.0.0'
build_vendor='apple'
datadir='${datarootdir}'
datarootdir='${prefix}/share'
docdir='${datarootdir}/doc/${PACKAGE_TARNAME}'
dvidir='${docdir}'
exec_prefix='${prefix}'
host='x86_64-apple-darwin15.0.0'
host_alias=''
host_cpu='x86_64'
host_os='darwin15.0.0'
host_vendor='apple'
htmldir='${docdir}'
includedir='${prefix}/include'
infodir='${datarootdir}/info'
install_sh='${SHELL} /Users/dbarrett/call-automation/sipp-3.3.990/install-sh'
libdir='${exec_prefix}/lib'
libexecdir='${exec_prefix}/libexec'
localedir='${datarootdir}/locale'
localstatedir='${prefix}/var'
mandir='${datarootdir}/man'
mkdir_p='$(top_builddir)/./install-sh -c -d'
oldincludedir='/usr/include'
pdfdir='${docdir}'
prefix='/usr/local'
program_transform_name='s,x,x,'
psdir='${docdir}'
sbindir='${exec_prefix}/sbin'
sharedstatedir='${prefix}/com'
sysconfdir='${prefix}/etc'
target='x86_64-apple-darwin15.0.0'
target_alias=''
target_cpu='x86_64'
target_os='darwin15.0.0'
target_vendor='apple'

## ----------- ##
## confdefs.h. ##
## ----------- ##

/* confdefs.h */
#define PACKAGE_NAME "SIPp"
#define PACKAGE_TARNAME "sipp"
#define PACKAGE_VERSION "3.3.990"
#define PACKAGE_STRING "SIPp 3.3.990"
#define PACKAGE_BUGREPORT "sipp-users@lists.sourceforge.net"
#define PACKAGE_URL ""
#define PACKAGE "sipp"
#define VERSION "3.3.990"
#define STDC_HEADERS 1
#define HAVE_LIBCURSES 1
#define HAVE_PCAP_H 1
#define HAVE_ALLOCA_H 1
#define HAVE_ALLOCA 1
#define HAVE_ARPA_INET_H 1
#define HAVE_FCNTL_H 1
#define HAVE_LIMITS_H 1
#define HAVE_NETDB_H 1
#define HAVE_NETINET_IN_H 1
#define HAVE_STDLIB_H 1
#define HAVE_STRING_H 1
#define HAVE_SYS_SOCKET_H 1
#define HAVE_SYS_TIME_H 1
#define HAVE_UNISTD_H 1
#define HAVE__BOOL 1
#define HAVE_STDBOOL_H 1
#define HAVE_FORK 1
#define HAVE_VFORK 1
#define HAVE_WORKING_VFORK 1
#define HAVE_WORKING_FORK 1
#define HAVE_ALARM 1
#define HAVE_DUP2 1
#define HAVE_FLOOR 1
#define HAVE_GETHOSTNAME 1
#define HAVE_GETTIMEOFDAY 1
#define HAVE_INET_NTOA 1
#define HAVE_MEMMOVE 1
#define HAVE_MEMSET 1
#define HAVE_POW 1
#define HAVE_REGCOMP 1
#define HAVE_SOCKET 1
#define HAVE_SQRT 1
#define HAVE_STRCASECMP 1
#define HAVE_STRCHR 1
#define HAVE_STRCSPN 1
#define HAVE_STRDUP 1
#define HAVE_STRERROR 1
#define HAVE_STRNCASECMP 1
#define HAVE_STRRCHR 1
#define HAVE_STRSTR 1
#define HAVE_STRTOL 1
#define HAVE_STRTOUL 1
#define HAVE_STRTOULL 1

configure: exit 0
